<smses count="5">
    <sms protocol="0" address="+1234567890" date="1729180000000" type="1" body="Hello world 1" contact_name="Alice" />
    <sms protocol="0" address="+19876543210" date="1729180001000" type="2" body="Hello world 2" contact_name="Bob" />
    <mms date="1729180002000" msg_box="1" contact_name="Carol">
        <addr address="+1111111111" type="137" />
        <addr address="+2222222222" type="151" />
        <part seq="0" ct="text/plain" text="MMS text part" />
    </mms>
    <mms date="1729180003000" msg_box="2" contact_name="Dave">
        <addr address="+3333333333" type="137" />
        <addr address="+4444444444" type="151" />
        <part seq="0" ct="text/plain" text="Another MMS" />
    </mms>
    <sms protocol="0" address="+15555555555" date="1729180004000" type="1" body="Hello world 3" contact_name="Eve" />
</smses>